[2021-11-17 22:13:07] request.INFO: Matched route "admin_module_manage". {"route":"admin_module_manage","route_parameters":{"category":null,"keyword":null,"_controller":"PrestaShopBundle\\Controller\\Admin\\Improve\\ModuleController::manageAction","_legacy_controller":"AdminModulesManage","_legacy_link":["AdminModulesManage","AdminModulesSf"],"_route":"admin_module_manage"},"request_uri":"http://localhost/admin1437/index.php/improve/modules/manage?_token=SfzACee3nxs89I0bkuNKG7Wg8WwpuO1_YF5thhGt2To","method":"GET"} []
[2021-11-17 22:13:11] security.DEBUG: Read existing security token from the session. {"key":"_security_main","token_class":"Symfony\\Component\\Security\\Core\\Authentication\\Token\\UsernamePasswordToken"} []
[2021-11-17 22:13:11] security.DEBUG: User was reloaded from a user provider. {"provider":"PrestaShopBundle\\Security\\Admin\\EmployeeProvider","username":"iloveputin311@yandex.ru"} []
[2021-11-17 22:13:15] request.CRITICAL: Uncaught PHP Exception PrestaShopException: "Link to database cannot be established: SQLSTATE[HY000] [2002] Connection refused" at /var/www/html/classes/db/DbPDO.php line 136 {"exception":"[object] (PrestaShopException(code: 0): Link to database cannot be established: SQLSTATE[HY000] [2002] Connection refused at /var/www/html/classes/db/DbPDO.php:136)"} []
[2021-11-17 22:13:19] security.DEBUG: Stored the security token in the session. {"key":"_security_main"} []
[2021-11-17 22:13:07] request.INFO: Matched route "admin_module_manage". {"route":"admin_module_manage","route_parameters":{"category":null,"keyword":null,"_controller":"PrestaShopBundle\\Controller\\Admin\\Improve\\ModuleController::manageAction","_legacy_controller":"AdminModulesManage","_legacy_link":["AdminModulesManage","AdminModulesSf"],"_route":"admin_module_manage"},"request_uri":"http://localhost/admin1437/index.php/improve/modules/manage?_token=SfzACee3nxs89I0bkuNKG7Wg8WwpuO1_YF5thhGt2To","method":"GET"} []
[2021-11-17 22:13:19] security.DEBUG: Read existing security token from the session. {"key":"_security_main","token_class":"Symfony\\Component\\Security\\Core\\Authentication\\Token\\UsernamePasswordToken"} []
[2021-11-17 22:13:19] request.CRITICAL: Uncaught PHP Exception PrestaShopException: "Link to database cannot be established: SQLSTATE[HY000] [2002] Connection refused" at /var/www/html/classes/db/DbPDO.php line 136 {"exception":"[object] (PrestaShopException(code: 0): Link to database cannot be established: SQLSTATE[HY000] [2002] Connection refused at /var/www/html/classes/db/DbPDO.php:136)"} []
[2021-11-17 22:13:19] request.CRITICAL: Exception thrown when handling an exception (PrestaShopException: Link to database cannot be established: SQLSTATE[HY000] [2002] Connection refused at /var/www/html/classes/db/DbPDO.php line 136) {"exception":"[object] (PrestaShopException(code: 0): Link to database cannot be established: SQLSTATE[HY000] [2002] Connection refused at /var/www/html/classes/db/DbPDO.php:136)"} []
[2021-11-21 16:13:16] request.ERROR: Uncaught PHP Exception Symfony\Component\HttpKernel\Exception\MethodNotAllowedHttpException: "No route found for "OPTIONS /common/notifications": Method Not Allowed (Allow: POST)" at /var/www/html/vendor/symfony/symfony/src/Symfony/Component/HttpKernel/EventListener/RouterListener.php line 141 {"exception":"[object] (Symfony\\Component\\HttpKernel\\Exception\\MethodNotAllowedHttpException(code: 0): No route found for \"OPTIONS /common/notifications\": Method Not Allowed (Allow: POST) at /var/www/html/vendor/symfony/symfony/src/Symfony/Component/HttpKernel/EventListener/RouterListener.php:141, Symfony\\Component\\Routing\\Exception\\MethodNotAllowedException(code: 0):  at /var/www/html/var/cache/prod/appProdProjectContainerUrlMatcher.php:7644)"} []
[2021-11-21 16:13:18] request.ERROR: Uncaught PHP Exception Symfony\Component\HttpKernel\Exception\MethodNotAllowedHttpException: "No route found for "OPTIONS /common/notifications": Method Not Allowed (Allow: POST)" at /var/www/html/vendor/symfony/symfony/src/Symfony/Component/HttpKernel/EventListener/RouterListener.php line 141 {"exception":"[object] (Symfony\\Component\\HttpKernel\\Exception\\MethodNotAllowedHttpException(code: 0): No route found for \"OPTIONS /common/notifications\": Method Not Allowed (Allow: POST) at /var/www/html/vendor/symfony/symfony/src/Symfony/Component/HttpKernel/EventListener/RouterListener.php:141, Symfony\\Component\\Routing\\Exception\\MethodNotAllowedException(code: 0):  at /var/www/html/var/cache/prod/appProdProjectContainerUrlMatcher.php:7644)"} []
[2021-11-21 16:20:38] request.INFO: Matched route "admin_system_information". {"route":"admin_system_information","route_parameters":{"_controller":"PrestaShopBundle\\Controller\\Admin\\Configure\\AdvancedParameters\\SystemInformationController::indexAction","_legacy_controller":"AdminInformation","_legacy_link":"AdminInformation","_route":"admin_system_information"},"request_uri":"https://localhost/admin1437/index.php/configure/advanced/system-information/?_token=5GcVoi46v-eLzPxsQrz_NUUVqDThnMKgrYTz7VeO2DY","method":"GET"} []
[2021-11-21 16:20:38] security.DEBUG: Read existing security token from the session. {"key":"_security_main","token_class":"Symfony\\Component\\Security\\Core\\Authentication\\Token\\UsernamePasswordToken"} []
[2021-11-21 16:20:38] security.DEBUG: User was reloaded from a user provider. {"provider":"PrestaShopBundle\\Security\\Admin\\EmployeeProvider","username":"iloveputin311@yandex.ru"} []
[2021-11-21 16:20:38] request.CRITICAL: Uncaught PHP Exception Symfony\Component\Debug\Exception\FatalThrowableError: "Parse error: syntax error, unexpected '=', expecting ')'" at /var/www/html/classes/Mail.php line 153 {"exception":"[object] (Symfony\\Component\\Debug\\Exception\\FatalThrowableError(code: 0): Parse error: syntax error, unexpected '=', expecting ')' at /var/www/html/classes/Mail.php:153)"} []
[2021-11-21 16:20:38] security.DEBUG: Stored the security token in the session. {"key":"_security_main"} []
[2021-11-21 16:20:45] request.INFO: Matched route "admin_system_information". {"route":"admin_system_information","route_parameters":{"_controller":"PrestaShopBundle\\Controller\\Admin\\Configure\\AdvancedParameters\\SystemInformationController::indexAction","_legacy_controller":"AdminInformation","_legacy_link":"AdminInformation","_route":"admin_system_information"},"request_uri":"https://localhost/admin1437/index.php/configure/advanced/system-information/?_token=5GcVoi46v-eLzPxsQrz_NUUVqDThnMKgrYTz7VeO2DY","method":"GET"} []
[2021-11-21 16:20:45] security.DEBUG: Read existing security token from the session. {"key":"_security_main","token_class":"Symfony\\Component\\Security\\Core\\Authentication\\Token\\UsernamePasswordToken"} []
[2021-11-21 16:20:45] security.DEBUG: User was reloaded from a user provider. {"provider":"PrestaShopBundle\\Security\\Admin\\EmployeeProvider","username":"iloveputin311@yandex.ru"} []
[2021-11-21 16:20:45] request.CRITICAL: Uncaught PHP Exception Symfony\Component\Debug\Exception\FatalThrowableError: "Parse error: syntax error, unexpected '=', expecting ')'" at /var/www/html/classes/Mail.php line 153 {"exception":"[object] (Symfony\\Component\\Debug\\Exception\\FatalThrowableError(code: 0): Parse error: syntax error, unexpected '=', expecting ')' at /var/www/html/classes/Mail.php:153)"} []
[2021-11-21 16:20:45] security.DEBUG: Stored the security token in the session. {"key":"_security_main"} []
[2021-11-21 16:20:46] request.INFO: Matched route "admin_system_information". {"route":"admin_system_information","route_parameters":{"_controller":"PrestaShopBundle\\Controller\\Admin\\Configure\\AdvancedParameters\\SystemInformationController::indexAction","_legacy_controller":"AdminInformation","_legacy_link":"AdminInformation","_route":"admin_system_information"},"request_uri":"https://localhost/admin1437/index.php/configure/advanced/system-information/?_token=5GcVoi46v-eLzPxsQrz_NUUVqDThnMKgrYTz7VeO2DY","method":"GET"} []
[2021-11-21 16:20:46] security.DEBUG: Read existing security token from the session. {"key":"_security_main","token_class":"Symfony\\Component\\Security\\Core\\Authentication\\Token\\UsernamePasswordToken"} []
[2021-11-21 16:20:46] security.DEBUG: User was reloaded from a user provider. {"provider":"PrestaShopBundle\\Security\\Admin\\EmployeeProvider","username":"iloveputin311@yandex.ru"} []
[2021-11-21 16:20:46] request.CRITICAL: Uncaught PHP Exception Symfony\Component\Debug\Exception\FatalThrowableError: "Parse error: syntax error, unexpected '=', expecting ')'" at /var/www/html/classes/Mail.php line 153 {"exception":"[object] (Symfony\\Component\\Debug\\Exception\\FatalThrowableError(code: 0): Parse error: syntax error, unexpected '=', expecting ')' at /var/www/html/classes/Mail.php:153)"} []
[2021-11-21 16:20:46] security.DEBUG: Stored the security token in the session. {"key":"_security_main"} []
[2021-11-21 16:20:59] request.INFO: Matched route "admin_system_information". {"route":"admin_system_information","route_parameters":{"_controller":"PrestaShopBundle\\Controller\\Admin\\Configure\\AdvancedParameters\\SystemInformationController::indexAction","_legacy_controller":"AdminInformation","_legacy_link":"AdminInformation","_route":"admin_system_information"},"request_uri":"https://localhost/admin1437/index.php/configure/advanced/system-information/?_token=5GcVoi46v-eLzPxsQrz_NUUVqDThnMKgrYTz7VeO2DY","method":"GET"} []
[2021-11-21 16:20:59] security.DEBUG: Read existing security token from the session. {"key":"_security_main","token_class":"Symfony\\Component\\Security\\Core\\Authentication\\Token\\UsernamePasswordToken"} []
[2021-11-21 16:20:59] security.DEBUG: User was reloaded from a user provider. {"provider":"PrestaShopBundle\\Security\\Admin\\EmployeeProvider","username":"iloveputin311@yandex.ru"} []
[2021-11-21 16:20:59] request.CRITICAL: Uncaught PHP Exception Symfony\Component\Debug\Exception\FatalThrowableError: "Parse error: syntax error, unexpected ';', expecting ')'" at /var/www/html/classes/Mail.php line 153 {"exception":"[object] (Symfony\\Component\\Debug\\Exception\\FatalThrowableError(code: 0): Parse error: syntax error, unexpected ';', expecting ')' at /var/www/html/classes/Mail.php:153)"} []
[2021-11-21 16:20:59] security.DEBUG: Stored the security token in the session. {"key":"_security_main"} []
[2021-11-21 16:21:01] request.INFO: Matched route "admin_system_information". {"route":"admin_system_information","route_parameters":{"_controller":"PrestaShopBundle\\Controller\\Admin\\Configure\\AdvancedParameters\\SystemInformationController::indexAction","_legacy_controller":"AdminInformation","_legacy_link":"AdminInformation","_route":"admin_system_information"},"request_uri":"https://localhost/admin1437/index.php/configure/advanced/system-information/?_token=5GcVoi46v-eLzPxsQrz_NUUVqDThnMKgrYTz7VeO2DY","method":"GET"} []
[2021-11-21 16:21:01] security.DEBUG: Read existing security token from the session. {"key":"_security_main","token_class":"Symfony\\Component\\Security\\Core\\Authentication\\Token\\UsernamePasswordToken"} []
[2021-11-21 16:21:01] security.DEBUG: User was reloaded from a user provider. {"provider":"PrestaShopBundle\\Security\\Admin\\EmployeeProvider","username":"iloveputin311@yandex.ru"} []
[2021-11-21 16:21:01] request.CRITICAL: Uncaught PHP Exception Symfony\Component\Debug\Exception\FatalThrowableError: "Parse error: syntax error, unexpected ';', expecting ')'" at /var/www/html/classes/Mail.php line 153 {"exception":"[object] (Symfony\\Component\\Debug\\Exception\\FatalThrowableError(code: 0): Parse error: syntax error, unexpected ';', expecting ')' at /var/www/html/classes/Mail.php:153)"} []
[2021-11-21 16:21:01] security.DEBUG: Stored the security token in the session. {"key":"_security_main"} []
[2021-11-21 16:21:02] request.INFO: Matched route "admin_system_information". {"route":"admin_system_information","route_parameters":{"_controller":"PrestaShopBundle\\Controller\\Admin\\Configure\\AdvancedParameters\\SystemInformationController::indexAction","_legacy_controller":"AdminInformation","_legacy_link":"AdminInformation","_route":"admin_system_information"},"request_uri":"https://localhost/admin1437/index.php/configure/advanced/system-information/?_token=5GcVoi46v-eLzPxsQrz_NUUVqDThnMKgrYTz7VeO2DY","method":"GET"} []
[2021-11-21 16:21:02] security.DEBUG: Read existing security token from the session. {"key":"_security_main","token_class":"Symfony\\Component\\Security\\Core\\Authentication\\Token\\UsernamePasswordToken"} []
[2021-11-21 16:21:02] security.DEBUG: User was reloaded from a user provider. {"provider":"PrestaShopBundle\\Security\\Admin\\EmployeeProvider","username":"iloveputin311@yandex.ru"} []
[2021-11-21 16:21:02] request.CRITICAL: Uncaught PHP Exception Symfony\Component\Debug\Exception\FatalThrowableError: "Parse error: syntax error, unexpected ';', expecting ')'" at /var/www/html/classes/Mail.php line 153 {"exception":"[object] (Symfony\\Component\\Debug\\Exception\\FatalThrowableError(code: 0): Parse error: syntax error, unexpected ';', expecting ')' at /var/www/html/classes/Mail.php:153)"} []
[2021-11-21 16:21:02] security.DEBUG: Stored the security token in the session. {"key":"_security_main"} []
[2021-11-21 16:21:04] request.INFO: Matched route "admin_system_information". {"route":"admin_system_information","route_parameters":{"_controller":"PrestaShopBundle\\Controller\\Admin\\Configure\\AdvancedParameters\\SystemInformationController::indexAction","_legacy_controller":"AdminInformation","_legacy_link":"AdminInformation","_route":"admin_system_information"},"request_uri":"https://localhost/admin1437/index.php/configure/advanced/system-information/?_token=5GcVoi46v-eLzPxsQrz_NUUVqDThnMKgrYTz7VeO2DY","method":"GET"} []
[2021-11-21 16:21:04] security.DEBUG: Read existing security token from the session. {"key":"_security_main","token_class":"Symfony\\Component\\Security\\Core\\Authentication\\Token\\UsernamePasswordToken"} []
[2021-11-21 16:21:04] security.DEBUG: User was reloaded from a user provider. {"provider":"PrestaShopBundle\\Security\\Admin\\EmployeeProvider","username":"iloveputin311@yandex.ru"} []
[2021-11-21 16:21:04] request.CRITICAL: Uncaught PHP Exception Symfony\Component\Debug\Exception\FatalThrowableError: "Parse error: syntax error, unexpected ';', expecting ')'" at /var/www/html/classes/Mail.php line 153 {"exception":"[object] (Symfony\\Component\\Debug\\Exception\\FatalThrowableError(code: 0): Parse error: syntax error, unexpected ';', expecting ')' at /var/www/html/classes/Mail.php:153)"} []
[2021-11-21 16:21:04] security.DEBUG: Stored the security token in the session. {"key":"_security_main"} []
[2021-11-21 16:21:05] request.INFO: Matched route "admin_system_information". {"route":"admin_system_information","route_parameters":{"_controller":"PrestaShopBundle\\Controller\\Admin\\Configure\\AdvancedParameters\\SystemInformationController::indexAction","_legacy_controller":"AdminInformation","_legacy_link":"AdminInformation","_route":"admin_system_information"},"request_uri":"https://localhost/admin1437/index.php/configure/advanced/system-information/?_token=5GcVoi46v-eLzPxsQrz_NUUVqDThnMKgrYTz7VeO2DY","method":"GET"} []
[2021-11-21 16:21:05] security.DEBUG: Read existing security token from the session. {"key":"_security_main","token_class":"Symfony\\Component\\Security\\Core\\Authentication\\Token\\UsernamePasswordToken"} []
[2021-11-21 16:21:05] security.DEBUG: User was reloaded from a user provider. {"provider":"PrestaShopBundle\\Security\\Admin\\EmployeeProvider","username":"iloveputin311@yandex.ru"} []
[2021-11-21 16:21:05] request.CRITICAL: Uncaught PHP Exception Symfony\Component\Debug\Exception\FatalThrowableError: "Parse error: syntax error, unexpected ';', expecting ')'" at /var/www/html/classes/Mail.php line 153 {"exception":"[object] (Symfony\\Component\\Debug\\Exception\\FatalThrowableError(code: 0): Parse error: syntax error, unexpected ';', expecting ')' at /var/www/html/classes/Mail.php:153)"} []
[2021-11-21 16:21:05] security.DEBUG: Stored the security token in the session. {"key":"_security_main"} []
[2021-11-21 16:21:05] request.INFO: Matched route "admin_system_information". {"route":"admin_system_information","route_parameters":{"_controller":"PrestaShopBundle\\Controller\\Admin\\Configure\\AdvancedParameters\\SystemInformationController::indexAction","_legacy_controller":"AdminInformation","_legacy_link":"AdminInformation","_route":"admin_system_information"},"request_uri":"https://localhost/admin1437/index.php/configure/advanced/system-information/?_token=5GcVoi46v-eLzPxsQrz_NUUVqDThnMKgrYTz7VeO2DY","method":"GET"} []
[2021-11-21 16:21:05] security.DEBUG: Read existing security token from the session. {"key":"_security_main","token_class":"Symfony\\Component\\Security\\Core\\Authentication\\Token\\UsernamePasswordToken"} []
[2021-11-21 16:21:05] security.DEBUG: User was reloaded from a user provider. {"provider":"PrestaShopBundle\\Security\\Admin\\EmployeeProvider","username":"iloveputin311@yandex.ru"} []
[2021-11-21 16:21:05] request.CRITICAL: Uncaught PHP Exception Symfony\Component\Debug\Exception\FatalThrowableError: "Parse error: syntax error, unexpected ';', expecting ')'" at /var/www/html/classes/Mail.php line 153 {"exception":"[object] (Symfony\\Component\\Debug\\Exception\\FatalThrowableError(code: 0): Parse error: syntax error, unexpected ';', expecting ')' at /var/www/html/classes/Mail.php:153)"} []
[2021-11-21 16:21:05] security.DEBUG: Stored the security token in the session. {"key":"_security_main"} []
[2021-11-21 16:21:05] request.INFO: Matched route "admin_system_information". {"route":"admin_system_information","route_parameters":{"_controller":"PrestaShopBundle\\Controller\\Admin\\Configure\\AdvancedParameters\\SystemInformationController::indexAction","_legacy_controller":"AdminInformation","_legacy_link":"AdminInformation","_route":"admin_system_information"},"request_uri":"https://localhost/admin1437/index.php/configure/advanced/system-information/?_token=5GcVoi46v-eLzPxsQrz_NUUVqDThnMKgrYTz7VeO2DY","method":"GET"} []
[2021-11-21 16:21:05] security.DEBUG: Read existing security token from the session. {"key":"_security_main","token_class":"Symfony\\Component\\Security\\Core\\Authentication\\Token\\UsernamePasswordToken"} []
[2021-11-21 16:21:05] security.DEBUG: User was reloaded from a user provider. {"provider":"PrestaShopBundle\\Security\\Admin\\EmployeeProvider","username":"iloveputin311@yandex.ru"} []
[2021-11-21 16:21:05] request.CRITICAL: Uncaught PHP Exception Symfony\Component\Debug\Exception\FatalThrowableError: "Parse error: syntax error, unexpected ';', expecting ')'" at /var/www/html/classes/Mail.php line 153 {"exception":"[object] (Symfony\\Component\\Debug\\Exception\\FatalThrowableError(code: 0): Parse error: syntax error, unexpected ';', expecting ')' at /var/www/html/classes/Mail.php:153)"} []
[2021-11-21 16:21:05] security.DEBUG: Stored the security token in the session. {"key":"_security_main"} []
[2021-11-21 16:21:13] request.INFO: Matched route "admin_emails_index". {"route":"admin_emails_index","route_parameters":{"_controller":"PrestaShopBundle\\Controller\\Admin\\Configure\\AdvancedParameters\\EmailController::indexAction","_legacy_controller":"AdminEmails","_legacy_link":"AdminEmails","_route":"admin_emails_index"},"request_uri":"https://localhost/admin1437/index.php/configure/advanced/emails/?_token=5GcVoi46v-eLzPxsQrz_NUUVqDThnMKgrYTz7VeO2DY","method":"GET"} []
[2021-11-21 16:21:13] security.DEBUG: Read existing security token from the session. {"key":"_security_main","token_class":"Symfony\\Component\\Security\\Core\\Authentication\\Token\\UsernamePasswordToken"} []
[2021-11-21 16:21:13] security.DEBUG: User was reloaded from a user provider. {"provider":"PrestaShopBundle\\Security\\Admin\\EmployeeProvider","username":"iloveputin311@yandex.ru"} []
[2021-11-21 16:21:13] request.CRITICAL: Uncaught PHP Exception Symfony\Component\Debug\Exception\FatalThrowableError: "Parse error: syntax error, unexpected ';', expecting ')'" at /var/www/html/classes/Mail.php line 153 {"exception":"[object] (Symfony\\Component\\Debug\\Exception\\FatalThrowableError(code: 0): Parse error: syntax error, unexpected ';', expecting ')' at /var/www/html/classes/Mail.php:153)"} []
[2021-11-21 16:21:13] security.DEBUG: Stored the security token in the session. {"key":"_security_main"} []
[2021-11-21 16:44:23] request.ERROR: Uncaught PHP Exception Symfony\Component\HttpKernel\Exception\MethodNotAllowedHttpException: "No route found for "OPTIONS /common/notifications": Method Not Allowed (Allow: POST)" at /var/www/html/vendor/symfony/symfony/src/Symfony/Component/HttpKernel/EventListener/RouterListener.php line 141 {"exception":"[object] (Symfony\\Component\\HttpKernel\\Exception\\MethodNotAllowedHttpException(code: 0): No route found for \"OPTIONS /common/notifications\": Method Not Allowed (Allow: POST) at /var/www/html/vendor/symfony/symfony/src/Symfony/Component/HttpKernel/EventListener/RouterListener.php:141, Symfony\\Component\\Routing\\Exception\\MethodNotAllowedException(code: 0):  at /var/www/html/var/cache/prod/appProdProjectContainerUrlMatcher.php:7644)"} []
[2021-11-21 16:44:23] request.ERROR: Uncaught PHP Exception Symfony\Component\HttpKernel\Exception\MethodNotAllowedHttpException: "No route found for "OPTIONS /common/notifications": Method Not Allowed (Allow: POST)" at /var/www/html/vendor/symfony/symfony/src/Symfony/Component/HttpKernel/EventListener/RouterListener.php line 141 {"exception":"[object] (Symfony\\Component\\HttpKernel\\Exception\\MethodNotAllowedHttpException(code: 0): No route found for \"OPTIONS /common/notifications\": Method Not Allowed (Allow: POST) at /var/www/html/vendor/symfony/symfony/src/Symfony/Component/HttpKernel/EventListener/RouterListener.php:141, Symfony\\Component\\Routing\\Exception\\MethodNotAllowedException(code: 0):  at /var/www/html/var/cache/prod/appProdProjectContainerUrlMatcher.php:7644)"} []
[2021-11-21 16:45:06] request.ERROR: Uncaught PHP Exception Symfony\Component\HttpKernel\Exception\MethodNotAllowedHttpException: "No route found for "OPTIONS /common/notifications": Method Not Allowed (Allow: POST)" at /var/www/html/vendor/symfony/symfony/src/Symfony/Component/HttpKernel/EventListener/RouterListener.php line 141 {"exception":"[object] (Symfony\\Component\\HttpKernel\\Exception\\MethodNotAllowedHttpException(code: 0): No route found for \"OPTIONS /common/notifications\": Method Not Allowed (Allow: POST) at /var/www/html/vendor/symfony/symfony/src/Symfony/Component/HttpKernel/EventListener/RouterListener.php:141, Symfony\\Component\\Routing\\Exception\\MethodNotAllowedException(code: 0):  at /var/www/html/var/cache/prod/appProdProjectContainerUrlMatcher.php:7644)"} []
[2021-11-24 15:44:57] request.INFO: Matched route "api_translation_value_edit". {"route":"api_translation_value_edit","route_parameters":{"_controller":"prestashop.core.api.translation.controller:translationEditAction","_legacy_controller":"AdminTranslations","_route":"api_translation_value_edit"},"request_uri":"https://localhost/admin1437/index.php/api/translations/edit?_token=q27HagnSZsc17GfMyYYOXB4K80grm56f0nhbJtL0M7g","method":"POST"} []
[2021-11-24 15:44:57] security.DEBUG: Read existing security token from the session. {"key":"_security_main","token_class":"Symfony\\Component\\Security\\Core\\Authentication\\Token\\UsernamePasswordToken"} []
[2021-11-24 15:44:57] security.DEBUG: User was reloaded from a user provider. {"provider":"PrestaShopBundle\\Security\\Admin\\EmployeeProvider","username":"iloveputin311@yandex.ru"} []
[2021-11-24 15:44:57] app.ERROR: No result was found for query although at least one row was expected. {"object_type":"Translation"} []
[2021-11-24 15:44:57] app.ERROR: No result was found for query although at least one row was expected. {"object_type":"Translation"} []
[2021-11-24 15:44:57] app.ERROR: No result was found for query although at least one row was expected. {"object_type":"Translation"} []
[2021-11-24 15:44:57] app.ERROR: No result was found for query although at least one row was expected. {"object_type":"Translation"} []
[2021-11-24 15:44:57] app.ERROR: No result was found for query although at least one row was expected. {"object_type":"Translation"} []
[2021-11-24 15:44:57] app.ERROR: No result was found for query although at least one row was expected. {"object_type":"Translation"} []
[2021-11-24 15:44:57] app.ERROR: No result was found for query although at least one row was expected. {"object_type":"Translation"} []
[2021-11-24 15:44:57] app.ERROR: No result was found for query although at least one row was expected. {"object_type":"Translation"} []
[2021-11-24 15:44:57] app.ERROR: No result was found for query although at least one row was expected. {"object_type":"Translation"} []
[2021-11-24 15:44:57] app.ERROR: No result was found for query although at least one row was expected. {"object_type":"Translation"} []
[2021-11-24 15:44:57] app.ERROR: No result was found for query although at least one row was expected. {"object_type":"Translation"} []
[2021-11-24 15:44:57] app.ERROR: No result was found for query although at least one row was expected. {"object_type":"Translation"} []
[2021-11-24 15:44:57] cache.WARNING: Failed to clear the cache {"exception":"[object] (UnexpectedValueException(code: 0): RecursiveDirectoryIterator::__construct(/var/www/html/var/cache/prod/pools/oF4uGKF1Zr/): failed to open dir: No such file or directory at /var/www/html/vendor/symfony/symfony/src/Symfony/Component/Cache/Traits/FilesystemCommonTrait.php:58)"} []
[2021-11-24 15:44:57] cache.WARNING: Failed to clear the cache {"exception":"[object] (UnexpectedValueException(code: 0): RecursiveDirectoryIterator::__construct(/var/www/html/var/cache/prod/pools/k0V7XpDK96/): failed to open dir: No such file or directory at /var/www/html/vendor/symfony/symfony/src/Symfony/Component/Cache/Traits/FilesystemCommonTrait.php:58)"} []
[2021-11-24 15:44:57] cache.WARNING: Failed to clear the cache {"exception":"[object] (UnexpectedValueException(code: 0): RecursiveDirectoryIterator::__construct(/var/www/html/var/cache/prod/pools/+si9XZUmcI/): failed to open dir: No such file or directory at /var/www/html/vendor/symfony/symfony/src/Symfony/Component/Cache/Traits/FilesystemCommonTrait.php:58)"} []
[2021-11-24 15:44:57] cache.WARNING: Failed to clear the cache {"exception":"[object] (UnexpectedValueException(code: 0): RecursiveDirectoryIterator::__construct(/var/www/html/var/cache/prod/pools/o2NSV3WKIW/): failed to open dir: No such file or directory at /var/www/html/vendor/symfony/symfony/src/Symfony/Component/Cache/Traits/FilesystemCommonTrait.php:58)"} []
[2021-11-24 15:44:57] security.DEBUG: Stored the security token in the session. {"key":"_security_main"} []
[2021-11-24 15:45:30] request.INFO: Matched route "api_translation_value_edit". {"route":"api_translation_value_edit","route_parameters":{"_controller":"prestashop.core.api.translation.controller:translationEditAction","_legacy_controller":"AdminTranslations","_route":"api_translation_value_edit"},"request_uri":"https://localhost/admin1437/index.php/api/translations/edit?_token=q27HagnSZsc17GfMyYYOXB4K80grm56f0nhbJtL0M7g","method":"POST"} []
[2021-11-24 15:45:30] security.DEBUG: Read existing security token from the session. {"key":"_security_main","token_class":"Symfony\\Component\\Security\\Core\\Authentication\\Token\\UsernamePasswordToken"} []
[2021-11-24 15:45:30] security.DEBUG: User was reloaded from a user provider. {"provider":"PrestaShopBundle\\Security\\Admin\\EmployeeProvider","username":"iloveputin311@yandex.ru"} []
[2021-11-24 15:45:30] app.ERROR: No result was found for query although at least one row was expected. {"object_type":"Translation"} []
[2021-11-24 15:45:30] cache.WARNING: Failed to clear the cache {"exception":"[object] (UnexpectedValueException(code: 0): RecursiveDirectoryIterator::__construct(/var/www/html/var/cache/prod/pools/oF4uGKF1Zr/): failed to open dir: No such file or directory at /var/www/html/vendor/symfony/symfony/src/Symfony/Component/Cache/Traits/FilesystemCommonTrait.php:58)"} []
[2021-11-24 15:45:30] cache.WARNING: Failed to clear the cache {"exception":"[object] (UnexpectedValueException(code: 0): RecursiveDirectoryIterator::__construct(/var/www/html/var/cache/prod/pools/k0V7XpDK96/): failed to open dir: No such file or directory at /var/www/html/vendor/symfony/symfony/src/Symfony/Component/Cache/Traits/FilesystemCommonTrait.php:58)"} []
[2021-11-24 15:45:30] cache.WARNING: Failed to clear the cache {"exception":"[object] (UnexpectedValueException(code: 0): RecursiveDirectoryIterator::__construct(/var/www/html/var/cache/prod/pools/+si9XZUmcI/): failed to open dir: No such file or directory at /var/www/html/vendor/symfony/symfony/src/Symfony/Component/Cache/Traits/FilesystemCommonTrait.php:58)"} []
[2021-11-24 15:45:30] cache.WARNING: Failed to clear the cache {"exception":"[object] (UnexpectedValueException(code: 0): RecursiveDirectoryIterator::__construct(/var/www/html/var/cache/prod/pools/o2NSV3WKIW/): failed to open dir: No such file or directory at /var/www/html/vendor/symfony/symfony/src/Symfony/Component/Cache/Traits/FilesystemCommonTrait.php:58)"} []
[2021-11-24 15:45:30] security.DEBUG: Stored the security token in the session. {"key":"_security_main"} []
[2021-11-24 15:45:45] request.INFO: Matched route "api_translation_value_edit". {"route":"api_translation_value_edit","route_parameters":{"_controller":"prestashop.core.api.translation.controller:translationEditAction","_legacy_controller":"AdminTranslations","_route":"api_translation_value_edit"},"request_uri":"https://localhost/admin1437/index.php/api/translations/edit?_token=q27HagnSZsc17GfMyYYOXB4K80grm56f0nhbJtL0M7g","method":"POST"} []
[2021-11-24 15:45:45] security.DEBUG: Read existing security token from the session. {"key":"_security_main","token_class":"Symfony\\Component\\Security\\Core\\Authentication\\Token\\UsernamePasswordToken"} []
[2021-11-24 15:45:45] security.DEBUG: User was reloaded from a user provider. {"provider":"PrestaShopBundle\\Security\\Admin\\EmployeeProvider","username":"iloveputin311@yandex.ru"} []
[2021-11-24 15:45:45] app.ERROR: No result was found for query although at least one row was expected. {"object_type":"Translation"} []
[2021-11-24 15:45:45] cache.WARNING: Failed to clear the cache {"exception":"[object] (UnexpectedValueException(code: 0): RecursiveDirectoryIterator::__construct(/var/www/html/var/cache/prod/pools/oF4uGKF1Zr/): failed to open dir: No such file or directory at /var/www/html/vendor/symfony/symfony/src/Symfony/Component/Cache/Traits/FilesystemCommonTrait.php:58)"} []
[2021-11-24 15:45:45] cache.WARNING: Failed to clear the cache {"exception":"[object] (UnexpectedValueException(code: 0): RecursiveDirectoryIterator::__construct(/var/www/html/var/cache/prod/pools/k0V7XpDK96/): failed to open dir: No such file or directory at /var/www/html/vendor/symfony/symfony/src/Symfony/Component/Cache/Traits/FilesystemCommonTrait.php:58)"} []
[2021-11-24 15:45:45] cache.WARNING: Failed to clear the cache {"exception":"[object] (UnexpectedValueException(code: 0): RecursiveDirectoryIterator::__construct(/var/www/html/var/cache/prod/pools/+si9XZUmcI/): failed to open dir: No such file or directory at /var/www/html/vendor/symfony/symfony/src/Symfony/Component/Cache/Traits/FilesystemCommonTrait.php:58)"} []
[2021-11-24 15:45:45] cache.WARNING: Failed to clear the cache {"exception":"[object] (UnexpectedValueException(code: 0): RecursiveDirectoryIterator::__construct(/var/www/html/var/cache/prod/pools/o2NSV3WKIW/): failed to open dir: No such file or directory at /var/www/html/vendor/symfony/symfony/src/Symfony/Component/Cache/Traits/FilesystemCommonTrait.php:58)"} []
[2021-11-24 15:45:45] security.DEBUG: Stored the security token in the session. {"key":"_security_main"} []
[2021-11-24 15:46:48] request.INFO: Matched route "api_translation_value_edit". {"route":"api_translation_value_edit","route_parameters":{"_controller":"prestashop.core.api.translation.controller:translationEditAction","_legacy_controller":"AdminTranslations","_route":"api_translation_value_edit"},"request_uri":"https://localhost/admin1437/index.php/api/translations/edit?_token=q27HagnSZsc17GfMyYYOXB4K80grm56f0nhbJtL0M7g","method":"POST"} []
[2021-11-24 15:46:48] security.DEBUG: Read existing security token from the session. {"key":"_security_main","token_class":"Symfony\\Component\\Security\\Core\\Authentication\\Token\\UsernamePasswordToken"} []
[2021-11-24 15:46:48] security.DEBUG: User was reloaded from a user provider. {"provider":"PrestaShopBundle\\Security\\Admin\\EmployeeProvider","username":"iloveputin311@yandex.ru"} []
[2021-11-24 15:46:48] app.ERROR: No result was found for query although at least one row was expected. {"object_type":"Translation"} []
[2021-11-24 15:46:48] app.ERROR: No result was found for query although at least one row was expected. {"object_type":"Translation"} []
[2021-11-24 15:46:48] app.ERROR: No result was found for query although at least one row was expected. {"object_type":"Translation"} []
[2021-11-24 15:46:48] cache.WARNING: Failed to clear the cache {"exception":"[object] (UnexpectedValueException(code: 0): RecursiveDirectoryIterator::__construct(/var/www/html/var/cache/prod/pools/oF4uGKF1Zr/): failed to open dir: No such file or directory at /var/www/html/vendor/symfony/symfony/src/Symfony/Component/Cache/Traits/FilesystemCommonTrait.php:58)"} []
[2021-11-24 15:46:48] cache.WARNING: Failed to clear the cache {"exception":"[object] (UnexpectedValueException(code: 0): RecursiveDirectoryIterator::__construct(/var/www/html/var/cache/prod/pools/k0V7XpDK96/): failed to open dir: No such file or directory at /var/www/html/vendor/symfony/symfony/src/Symfony/Component/Cache/Traits/FilesystemCommonTrait.php:58)"} []
[2021-11-24 15:46:48] cache.WARNING: Failed to clear the cache {"exception":"[object] (UnexpectedValueException(code: 0): RecursiveDirectoryIterator::__construct(/var/www/html/var/cache/prod/pools/+si9XZUmcI/): failed to open dir: No such file or directory at /var/www/html/vendor/symfony/symfony/src/Symfony/Component/Cache/Traits/FilesystemCommonTrait.php:58)"} []
[2021-11-24 15:46:48] cache.WARNING: Failed to clear the cache {"exception":"[object] (UnexpectedValueException(code: 0): RecursiveDirectoryIterator::__construct(/var/www/html/var/cache/prod/pools/o2NSV3WKIW/): failed to open dir: No such file or directory at /var/www/html/vendor/symfony/symfony/src/Symfony/Component/Cache/Traits/FilesystemCommonTrait.php:58)"} []
[2021-11-24 15:46:48] security.DEBUG: Stored the security token in the session. {"key":"_security_main"} []
[2021-11-24 15:47:16] request.INFO: Matched route "api_translation_value_edit". {"route":"api_translation_value_edit","route_parameters":{"_controller":"prestashop.core.api.translation.controller:translationEditAction","_legacy_controller":"AdminTranslations","_route":"api_translation_value_edit"},"request_uri":"https://localhost/admin1437/index.php/api/translations/edit?_token=q27HagnSZsc17GfMyYYOXB4K80grm56f0nhbJtL0M7g","method":"POST"} []
[2021-11-24 15:47:16] security.DEBUG: Read existing security token from the session. {"key":"_security_main","token_class":"Symfony\\Component\\Security\\Core\\Authentication\\Token\\UsernamePasswordToken"} []
[2021-11-24 15:47:16] security.DEBUG: User was reloaded from a user provider. {"provider":"PrestaShopBundle\\Security\\Admin\\EmployeeProvider","username":"iloveputin311@yandex.ru"} []
[2021-11-24 15:47:16] app.ERROR: No result was found for query although at least one row was expected. {"object_type":"Translation"} []
[2021-11-24 15:47:16] cache.WARNING: Failed to clear the cache {"exception":"[object] (UnexpectedValueException(code: 0): RecursiveDirectoryIterator::__construct(/var/www/html/var/cache/prod/pools/oF4uGKF1Zr/): failed to open dir: No such file or directory at /var/www/html/vendor/symfony/symfony/src/Symfony/Component/Cache/Traits/FilesystemCommonTrait.php:58)"} []
[2021-11-24 15:47:16] cache.WARNING: Failed to clear the cache {"exception":"[object] (UnexpectedValueException(code: 0): RecursiveDirectoryIterator::__construct(/var/www/html/var/cache/prod/pools/k0V7XpDK96/): failed to open dir: No such file or directory at /var/www/html/vendor/symfony/symfony/src/Symfony/Component/Cache/Traits/FilesystemCommonTrait.php:58)"} []
[2021-11-24 15:47:16] cache.WARNING: Failed to clear the cache {"exception":"[object] (UnexpectedValueException(code: 0): RecursiveDirectoryIterator::__construct(/var/www/html/var/cache/prod/pools/+si9XZUmcI/): failed to open dir: No such file or directory at /var/www/html/vendor/symfony/symfony/src/Symfony/Component/Cache/Traits/FilesystemCommonTrait.php:58)"} []
[2021-11-24 15:47:16] cache.WARNING: Failed to clear the cache {"exception":"[object] (UnexpectedValueException(code: 0): RecursiveDirectoryIterator::__construct(/var/www/html/var/cache/prod/pools/o2NSV3WKIW/): failed to open dir: No such file or directory at /var/www/html/vendor/symfony/symfony/src/Symfony/Component/Cache/Traits/FilesystemCommonTrait.php:58)"} []
[2021-11-24 15:47:16] security.DEBUG: Stored the security token in the session. {"key":"_security_main"} []
[2021-11-24 15:49:38] request.INFO: Matched route "api_translation_value_edit". {"route":"api_translation_value_edit","route_parameters":{"_controller":"prestashop.core.api.translation.controller:translationEditAction","_legacy_controller":"AdminTranslations","_route":"api_translation_value_edit"},"request_uri":"https://localhost/admin1437/index.php/api/translations/edit?_token=q27HagnSZsc17GfMyYYOXB4K80grm56f0nhbJtL0M7g","method":"POST"} []
[2021-11-24 15:49:38] security.DEBUG: Read existing security token from the session. {"key":"_security_main","token_class":"Symfony\\Component\\Security\\Core\\Authentication\\Token\\UsernamePasswordToken"} []
[2021-11-24 15:49:38] security.DEBUG: User was reloaded from a user provider. {"provider":"PrestaShopBundle\\Security\\Admin\\EmployeeProvider","username":"iloveputin311@yandex.ru"} []
[2021-11-24 15:49:38] app.ERROR: No result was found for query although at least one row was expected. {"object_type":"Translation"} []
[2021-11-24 15:49:38] app.ERROR: No result was found for query although at least one row was expected. {"object_type":"Translation"} []
[2021-11-24 15:49:38] app.ERROR: No result was found for query although at least one row was expected. {"object_type":"Translation"} []
[2021-11-24 15:49:38] app.ERROR: No result was found for query although at least one row was expected. {"object_type":"Translation"} []
[2021-11-24 15:49:38] app.ERROR: No result was found for query although at least one row was expected. {"object_type":"Translation"} []
[2021-11-24 15:49:38] app.ERROR: No result was found for query although at least one row was expected. {"object_type":"Translation"} []
[2021-11-24 15:49:38] cache.WARNING: Failed to clear the cache {"exception":"[object] (UnexpectedValueException(code: 0): RecursiveDirectoryIterator::__construct(/var/www/html/var/cache/prod/pools/oF4uGKF1Zr/): failed to open dir: No such file or directory at /var/www/html/vendor/symfony/symfony/src/Symfony/Component/Cache/Traits/FilesystemCommonTrait.php:58)"} []
[2021-11-24 15:49:38] cache.WARNING: Failed to clear the cache {"exception":"[object] (UnexpectedValueException(code: 0): RecursiveDirectoryIterator::__construct(/var/www/html/var/cache/prod/pools/k0V7XpDK96/): failed to open dir: No such file or directory at /var/www/html/vendor/symfony/symfony/src/Symfony/Component/Cache/Traits/FilesystemCommonTrait.php:58)"} []
[2021-11-24 15:49:38] cache.WARNING: Failed to clear the cache {"exception":"[object] (UnexpectedValueException(code: 0): RecursiveDirectoryIterator::__construct(/var/www/html/var/cache/prod/pools/+si9XZUmcI/): failed to open dir: No such file or directory at /var/www/html/vendor/symfony/symfony/src/Symfony/Component/Cache/Traits/FilesystemCommonTrait.php:58)"} []
[2021-11-24 15:49:38] cache.WARNING: Failed to clear the cache {"exception":"[object] (UnexpectedValueException(code: 0): RecursiveDirectoryIterator::__construct(/var/www/html/var/cache/prod/pools/o2NSV3WKIW/): failed to open dir: No such file or directory at /var/www/html/vendor/symfony/symfony/src/Symfony/Component/Cache/Traits/FilesystemCommonTrait.php:58)"} []
[2021-11-24 15:49:38] security.DEBUG: Stored the security token in the session. {"key":"_security_main"} []
[2021-11-24 15:50:44] request.INFO: Matched route "api_translation_value_edit". {"route":"api_translation_value_edit","route_parameters":{"_controller":"prestashop.core.api.translation.controller:translationEditAction","_legacy_controller":"AdminTranslations","_route":"api_translation_value_edit"},"request_uri":"https://localhost/admin1437/index.php/api/translations/edit?_token=q27HagnSZsc17GfMyYYOXB4K80grm56f0nhbJtL0M7g","method":"POST"} []
[2021-11-24 15:50:44] security.DEBUG: Read existing security token from the session. {"key":"_security_main","token_class":"Symfony\\Component\\Security\\Core\\Authentication\\Token\\UsernamePasswordToken"} []
[2021-11-24 15:50:44] security.DEBUG: User was reloaded from a user provider. {"provider":"PrestaShopBundle\\Security\\Admin\\EmployeeProvider","username":"iloveputin311@yandex.ru"} []
[2021-11-24 15:50:45] app.ERROR: No result was found for query although at least one row was expected. {"object_type":"Translation"} []
[2021-11-24 15:50:45] app.ERROR: No result was found for query although at least one row was expected. {"object_type":"Translation"} []
[2021-11-24 15:50:45] app.ERROR: No result was found for query although at least one row was expected. {"object_type":"Translation"} []
[2021-11-24 15:50:45] cache.WARNING: Failed to clear the cache {"exception":"[object] (UnexpectedValueException(code: 0): RecursiveDirectoryIterator::__construct(/var/www/html/var/cache/prod/pools/oF4uGKF1Zr/): failed to open dir: No such file or directory at /var/www/html/vendor/symfony/symfony/src/Symfony/Component/Cache/Traits/FilesystemCommonTrait.php:58)"} []
[2021-11-24 15:50:45] cache.WARNING: Failed to clear the cache {"exception":"[object] (UnexpectedValueException(code: 0): RecursiveDirectoryIterator::__construct(/var/www/html/var/cache/prod/pools/k0V7XpDK96/): failed to open dir: No such file or directory at /var/www/html/vendor/symfony/symfony/src/Symfony/Component/Cache/Traits/FilesystemCommonTrait.php:58)"} []
[2021-11-24 15:50:45] cache.WARNING: Failed to clear the cache {"exception":"[object] (UnexpectedValueException(code: 0): RecursiveDirectoryIterator::__construct(/var/www/html/var/cache/prod/pools/+si9XZUmcI/): failed to open dir: No such file or directory at /var/www/html/vendor/symfony/symfony/src/Symfony/Component/Cache/Traits/FilesystemCommonTrait.php:58)"} []
[2021-11-24 15:50:45] cache.WARNING: Failed to clear the cache {"exception":"[object] (UnexpectedValueException(code: 0): RecursiveDirectoryIterator::__construct(/var/www/html/var/cache/prod/pools/o2NSV3WKIW/): failed to open dir: No such file or directory at /var/www/html/vendor/symfony/symfony/src/Symfony/Component/Cache/Traits/FilesystemCommonTrait.php:58)"} []
[2021-11-24 15:50:45] security.DEBUG: Stored the security token in the session. {"key":"_security_main"} []
[2021-11-24 15:52:38] request.INFO: Matched route "api_translation_value_edit". {"route":"api_translation_value_edit","route_parameters":{"_controller":"prestashop.core.api.translation.controller:translationEditAction","_legacy_controller":"AdminTranslations","_route":"api_translation_value_edit"},"request_uri":"https://localhost/admin1437/index.php/api/translations/edit?_token=q27HagnSZsc17GfMyYYOXB4K80grm56f0nhbJtL0M7g","method":"POST"} []
[2021-11-24 15:52:38] security.DEBUG: Read existing security token from the session. {"key":"_security_main","token_class":"Symfony\\Component\\Security\\Core\\Authentication\\Token\\UsernamePasswordToken"} []
[2021-11-24 15:52:38] security.DEBUG: User was reloaded from a user provider. {"provider":"PrestaShopBundle\\Security\\Admin\\EmployeeProvider","username":"iloveputin311@yandex.ru"} []
[2021-11-24 15:52:38] app.ERROR: No result was found for query although at least one row was expected. {"object_type":"Translation"} []
[2021-11-24 15:52:38] app.ERROR: No result was found for query although at least one row was expected. {"object_type":"Translation"} []
[2021-11-24 15:52:38] app.ERROR: No result was found for query although at least one row was expected. {"object_type":"Translation"} []
[2021-11-24 15:52:38] app.ERROR: No result was found for query although at least one row was expected. {"object_type":"Translation"} []
[2021-11-24 15:52:38] cache.WARNING: Failed to clear the cache {"exception":"[object] (UnexpectedValueException(code: 0): RecursiveDirectoryIterator::__construct(/var/www/html/var/cache/prod/pools/oF4uGKF1Zr/): failed to open dir: No such file or directory at /var/www/html/vendor/symfony/symfony/src/Symfony/Component/Cache/Traits/FilesystemCommonTrait.php:58)"} []
[2021-11-24 15:52:38] cache.WARNING: Failed to clear the cache {"exception":"[object] (UnexpectedValueException(code: 0): RecursiveDirectoryIterator::__construct(/var/www/html/var/cache/prod/pools/k0V7XpDK96/): failed to open dir: No such file or directory at /var/www/html/vendor/symfony/symfony/src/Symfony/Component/Cache/Traits/FilesystemCommonTrait.php:58)"} []
[2021-11-24 15:52:38] cache.WARNING: Failed to clear the cache {"exception":"[object] (UnexpectedValueException(code: 0): RecursiveDirectoryIterator::__construct(/var/www/html/var/cache/prod/pools/+si9XZUmcI/): failed to open dir: No such file or directory at /var/www/html/vendor/symfony/symfony/src/Symfony/Component/Cache/Traits/FilesystemCommonTrait.php:58)"} []
[2021-11-24 15:52:38] cache.WARNING: Failed to clear the cache {"exception":"[object] (UnexpectedValueException(code: 0): RecursiveDirectoryIterator::__construct(/var/www/html/var/cache/prod/pools/o2NSV3WKIW/): failed to open dir: No such file or directory at /var/www/html/vendor/symfony/symfony/src/Symfony/Component/Cache/Traits/FilesystemCommonTrait.php:58)"} []
[2021-11-24 15:52:38] security.DEBUG: Stored the security token in the session. {"key":"_security_main"} []
